2022-07-14 17:19:07 : _do - Error => Expecting value: line 1 column 1 (char 0)
2022-07-14 17:20:49 : _do - Error => Expecting value: line 1 column 1 (char 0)
2022-07-14 17:21:34 : _do - Error => Expecting value: line 1 column 1 (char 0)
2022-07-14 17:25:17 : _do - Error => Expecting value: line 1 column 1 (char 0)
2022-07-14 17:26:02 : _do - Error => Expecting value: line 1 column 1 (char 0)
2022-07-14 17:40:05 : _do - Error => expected list of topic unicode strings
2022-07-14 17:48:04 : _do - Error => expected either message or offsets
2022-07-14 17:48:21 : _do - Error => function missing required argument 'partitions' (pos 1)
2022-07-14 17:50:22 : _do - Error => 'cimpl.Consumer' object has no attribute '__dict__'
2022-07-14 17:50:52 : _do - Error => function missing required argument 'partition' (pos 1)
2022-07-14 17:51:13 : _do - Error => expected cimpl.TopicPartition
2022-07-14 17:53:50 : _do - Error => 'NoneType' object has no attribute 'offset'
2022-07-14 17:54:11 : _do - Error => 'NoneType' object has no attribute 'topic'
2022-07-14 17:54:56 : _do - Error => 'NoneType' object has no attribute 'topic'
2022-07-14 17:58:38 : _do - Error => 'NoneType' object has no attribute 'error'
2022-07-14 17:58:52 : _do - Error => 'NoneType' object has no attribute 'error'
2022-07-14 17:59:49 : _do - Error => 'NoneType' object has no attribute 'topic'
2022-07-14 18:32:55 : _do - Error => function takes at most 1 argument (2 given)
2022-07-14 18:33:10 : _do - Error => expected cimpl.TopicPartition
2022-07-14 18:33:17 : _do - Error => expected cimpl.TopicPartition
2022-07-14 18:33:27 : _do - Error => expected cimpl.TopicPartition
2022-07-14 18:54:06 : _do - Error => partition must be a TopicPartition namedtuple
2022-07-14 18:55:09 : _do - Error => partition must be a TopicPartition namedtuple
2022-07-14 18:56:04 : _do - Error => partition must be a TopicPartition namedtuple
2022-07-14 18:56:13 : _do - Error => partition must be a TopicPartition namedtuple
2022-07-14 18:58:34 : _do - Error => partition must be a TopicPartition namedtuple
2022-07-14 19:03:07 : _do - Error => Unassigned partition
2022-07-14 19:03:50 : _do - Error => Unassigned partition
2022-07-14 19:04:01 : _do - Error => Unassigned partition
2022-07-14 19:04:23 : _do - Error => 'dict' object has no attribute 'error'
2022-07-14 19:04:33 : _do - Error => 'dict' object has no attribute 'error'
2022-07-14 19:04:47 : _do - Error => 'dict' object has no attribute 'value'
